S:\GITHUB\PATHTRACEKIT\PROJ1_WIN\565PATHTRACER\RELEASE\565PATHTRACER.EXE.INTERMEDIATE.MANIFEST
S:\GitHub\PathTraceKit\PROJ1_WIN\565Pathtracer\Release\cl.command.1.tlog
S:\GitHub\PathTraceKit\PROJ1_WIN\565Pathtracer\Release\CL.read.1.tlog
S:\GitHub\PathTraceKit\PROJ1_WIN\565Pathtracer\Release\CL.write.1.tlog
S:\GITHUB\PATHTRACEKIT\PROJ1_WIN\565PATHTRACER\RELEASE\GLSLUTILITY.OBJ
S:\GITHUB\PATHTRACEKIT\PROJ1_WIN\565PATHTRACER\RELEASE\IMAGE.OBJ
S:\GitHub\PathTraceKit\PROJ1_WIN\565Pathtracer\Release\link.command.1.tlog
S:\GitHub\PathTraceKit\PROJ1_WIN\565Pathtracer\Release\link.read.1.tlog
S:\GitHub\PathTraceKit\PROJ1_WIN\565Pathtracer\Release\link.write.1.tlog
S:\GITHUB\PATHTRACEKIT\PROJ1_WIN\565PATHTRACER\RELEASE\MAIN.OBJ
S:\GitHub\PathTraceKit\PROJ1_WIN\565Pathtracer\Release\mt.command.1.tlog
S:\GitHub\PathTraceKit\PROJ1_WIN\565Pathtracer\Release\mt.read.1.tlog
S:\GitHub\PathTraceKit\PROJ1_WIN\565Pathtracer\Release\mt.write.1.tlog
S:\GitHub\PathTraceKit\PROJ1_WIN\565Pathtracer\Release\raytraceKernel.cu.cache
S:\GITHUB\PATHTRACEKIT\PROJ1_WIN\565PATHTRACER\RELEASE\SCENE.OBJ
S:\GITHUB\PATHTRACEKIT\PROJ1_WIN\565PATHTRACER\RELEASE\STB_IMAGE.OBJ
S:\GITHUB\PATHTRACEKIT\PROJ1_WIN\565PATHTRACER\RELEASE\STB_IMAGE_WRITE.OBJ
S:\GITHUB\PATHTRACEKIT\PROJ1_WIN\565PATHTRACER\RELEASE\UTILITIES.OBJ
S:\GITHUB\PATHTRACEKIT\PROJ1_WIN\565PATHTRACER\RELEASE\VC100.PDB
S:\GITHUB\PATHTRACEKIT\PROJ1_WIN\RELEASE\565PATHTRACER.EXE
S:\GITHUB\PATHTRACEKIT\PROJ1_WIN\RELEASE\565PATHTRACER.PDB
