Build started 10/9/2013 10:06:26 PM.
     1>Project "S:\GitHub\PathTraceKit\PROJ1_WIN\565Pathtracer\565Pathtracer.vcxproj" on node 2 (build target(s)).
     1>InitializeBuildStatus:
         Creating "Release\565Pathtracer.unsuccessfulbuild" because "AlwaysCreate" was specified.
       AddCudaCompileDeps:
         c:\Program Files (x86)\Microsoft Visual Studio 10.0\VC\bin\cl.exe /E /nologo /showIncludes /TP /I"C:\Program Files\NVIDIA GPU Computing Toolkit\CUDA\v4.0\include" /I"C:/ProgramData/NVIDIA Corporation/NVIDIA GPU Computing SDK 4.0/C/common/inc" /I../shared/glew/includes /I../shared/freeglut/includes /I"C:\Program Files\NVIDIA GPU Computing Toolkit\CUDA\v4.0\bin" /I"C:\Program Files\NVIDIA GPU Computing Toolkit\CUDA\v4.0\include" /I. /FIcuda_runtime.h /c S:\GitHub\PathTraceKit\src\raytraceKernel.cu 
       AddCudaCompilePropsDeps:
       Skipping target "AddCudaCompilePropsDeps" because all output files are up-to-date with respect to the input files.
       CudaBuild:
         Compiling CUDA source file ..\..\src\raytraceKernel.cu...
         cmd.exe /C "C:\Users\dbanks\AppData\Local\Temp\eb2c548445f44e26ad610f3333cb18ed.cmd"
         "C:\Program Files\NVIDIA GPU Computing Toolkit\CUDA\v4.0\bin\nvcc.exe" -gencode=arch=compute_10,code=\"sm_10,compute_10\" --use-local-env --cl-version 2010 -ccbin "c:\Program Files (x86)\Microsoft Visual Studio 10.0\VC\bin" -I"C:\Program Files\NVIDIA GPU Computing Toolkit\CUDA\v4.0\include" -I"C:/ProgramData/NVIDIA Corporation/NVIDIA GPU Computing SDK 4.0/C/common/inc" -I"../shared/glew/includes" -I"../shared/freeglut/includes" -I"C:\Program Files\NVIDIA GPU Computing Toolkit\CUDA\v4.0\include"    --keep-dir "Release" -maxrregcount=0  --machine 32 --compile      -Xcompiler "/EHsc /nologo /Od /Zi  /MD " -o "S:\GitHub\PathTraceKit\PROJ1_WIN\565Pathtracer\Win32/Release/raytraceKernel.cu.obj" "S:\GitHub\PathTraceKit\src\raytraceKernel.cu"
         
         C:\user>"C:\Program Files\NVIDIA GPU Computing Toolkit\CUDA\v4.0\bin\nvcc.exe" -gencode=arch=compute_10,code=\"sm_10,compute_10\" --use-local-env --cl-version 2010 -ccbin "c:\Program Files (x86)\Microsoft Visual Studio 10.0\VC\bin" -I"C:\Program Files\NVIDIA GPU Computing Toolkit\CUDA\v4.0\include" -I"C:/ProgramData/NVIDIA Corporation/NVIDIA GPU Computing SDK 4.0/C/common/inc" -I"../shared/glew/includes" -I"../shared/freeglut/includes" -I"C:\Program Files\NVIDIA GPU Computing Toolkit\CUDA\v4.0\include"    --keep-dir "Release" -maxrregcount=0  --machine 32 --compile      -Xcompiler "/EHsc /nologo /Od /Zi  /MD " -o "S:\GitHub\PathTraceKit\PROJ1_WIN\565Pathtracer\Win32/Release/raytraceKernel.cu.obj" "S:\GitHub\PathTraceKit\src\raytraceKernel.cu" 
         raytraceKernel.cu
         tmpxft_00001c64_00000000-0_raytraceKernel.cudafe1.gpu
         tmpxft_00001c64_00000000-5_raytraceKernel.cudafe2.gpu
         raytraceKernel.cu
     1>s:\github\pathtracekit\src\glm\core\_swizzle.hpp(194): warning : missing return statement at end of non-void function "glm::detail::_swizzle_base2<ValueType, VecType, N, E0, E1, E2, E3, 1>::operator=(const glm::detail::_swizzle_base2<ValueType, VecType, N, E0, E1, E2, E3, 1>::Stub &)"
         
     1>ptxas C : /Users/dbanks/AppData/Local/Temp/tmpxft_00001c64_00000000-1_raytraceKernel.ptx, line 159; warning : Double is not supported. Demoting to float
         tmpxft_00001c64_00000000-0_raytraceKernel.cudafe1.cpp
         tmpxft_00001c64_00000000-11_raytraceKernel.ii
       ClCompile:
         c:\Program Files (x86)\Microsoft Visual Studio 10.0\VC\bin\CL.exe /c /I"C:\Program Files\NVIDIA GPU Computing Toolkit\CUDA\v4.0\include" /I"C:\ProgramData\NVIDIA Corporation\NVIDIA GPU Computing SDK 4.0\C\common\inc" /I../shared/glew/include /I../shared/freeglut/include /I"C:\Program Files\NVIDIA GPU Computing Toolkit\CUDA\v4.0\include" /Zi /nologo /W3 /WX- /O2 /Oi /Oy- /GL /D WIN32 /D NDEBUG /D _CONSOLE /D _UNICODE /D UNICODE /Gm- /EHsc /MD /GS /Gy /fp:precise /Zc:wchar_t /Zc:forScope /Fo"Release\\" /Fd"Release\vc100.pdb" /Gd /TP /analyze- /errorReport:prompt ..\..\src\main.cpp ..\..\src\scene.cpp
         main.cpp
         Note: including lib: glut32.lib
         
     1>..\..\src\main.cpp(93): warning C4018: '<' : signed/unsigned mismatch
         scene.cpp
     1>..\..\src\scene.cpp(120): warning C4244: '=' : conversion from 'double' to 'float', possible loss of data
     1>..\..\src\scene.cpp(136): warning C4244: 'initializing' : conversion from 'double' to 'float', possible loss of data
     1>..\..\src\scene.cpp(138): warning C4244: 'initializing' : conversion from 'double' to 'float', possible loss of data
     1>..\..\src\scene.cpp(172): warning C4244: '=' : conversion from 'double' to 'float', possible loss of data
     1>..\..\src\scene.cpp(177): warning C4244: '=' : conversion from 'double' to 'float', possible loss of data
     1>..\..\src\scene.cpp(179): warning C4244: '=' : conversion from 'double' to 'float', possible loss of data
     1>..\..\src\scene.cpp(181): warning C4244: '=' : conversion from 'double' to 'float', possible loss of data
     1>..\..\src\scene.cpp(183): warning C4244: '=' : conversion from 'double' to 'float', possible loss of data
     1>..\..\src\scene.cpp(188): warning C4244: '=' : conversion from 'double' to 'float', possible loss of data
     1>..\..\src\scene.cpp(190): warning C4244: '=' : conversion from 'double' to 'float', possible loss of data
         All outputs are up-to-date.
       Link:
         c:\Program Files (x86)\Microsoft Visual Studio 10.0\VC\bin\link.exe /ERRORREPORT:PROMPT /OUT:"S:\GitHub\PathTraceKit\PROJ1_WIN\Release\565Pathtracer.exe" /INCREMENTAL:NO /NOLOGO /LIBPATH:../shared/glew/lib /LIBPATH:../shared/freeglut/lib /LIBPATH:"C:\Program Files\NVIDIA GPU Computing Toolkit\CUDA\v4.0\lib\Win32" cudart.lib glew32.lib glu32.lib opengl32.lib kernel32.lib user32.lib gdi32.lib winspool.lib comdlg32.lib advapi32.lib shell32.lib ole32.lib oleaut32.lib uuid.lib odbc32.lib odbccp32.lib kernel32.lib user32.lib gdi32.lib winspool.lib comdlg32.lib advapi32.lib shell32.lib ole32.lib oleaut32.lib uuid.lib odbc32.lib odbccp32.lib /MANIFEST /ManifestFile:"Release\565Pathtracer.exe.intermediate.manifest" /MANIFESTUAC:"level='asInvoker' uiAccess='false'" /DEBUG /PDB:"S:\GitHub\PathTraceKit\PROJ1_WIN\Release\565Pathtracer.pdb" /SUBSYSTEM:CONSOLE /OPT:REF /OPT:ICF /LTCG /TLBID:1 /ENTRY:"mainCRTStartup" /DYNAMICBASE /NXCOMPAT /IMPLIB:"S:\GitHub\PathTraceKit\PROJ1_WIN\Release\565Pathtracer.lib" /MACHINE:X86 S:\GitHub\PathTraceKit\PROJ1_WIN\565Pathtracer\Win32/Release/raytraceKernel.cu.obj
         Release\glslUtility.obj
         Release\image.obj
         Release\main.obj
         Release\scene.obj
         Release\stb_image.obj
         Release\stb_image_write.obj
         Release\utilities.obj
         Generating code
         Finished generating code
         565Pathtracer.vcxproj -> S:\GitHub\PathTraceKit\PROJ1_WIN\Release\565Pathtracer.exe
       Manifest:
         C:\Program Files (x86)\Microsoft SDKs\Windows\v7.0A\bin\mt.exe /nologo /verbose /outputresource:"S:\GitHub\PathTraceKit\PROJ1_WIN\Release\565Pathtracer.exe;#1" /manifest Release\565Pathtracer.exe.intermediate.manifest
       FinalizeBuildStatus:
         Deleting file "Release\565Pathtracer.unsuccessfulbuild".
         Touching "Release\565Pathtracer.lastbuildstate".
     1>Done Building Project "S:\GitHub\PathTraceKit\PROJ1_WIN\565Pathtracer\565Pathtracer.vcxproj" (build target(s)).

Build succeeded.

Time Elapsed 00:00:17.74
