Build started 10/9/2013 3:25:58 PM.
     1>Project "S:\GitHub\PathTraceKit\PROJ1_WIN\565Pathtracer\565Pathtracer.vcxproj" on node 2 (build target(s)).
     1>PrepareForBuild:
         Creating directory "S:\GitHub\PathTraceKit\PROJ1_WIN\Release (v5.5)\".
       InitializeBuildStatus:
         Creating "Release (v5.5)\565Pathtracer.unsuccessfulbuild" because "AlwaysCreate" was specified.
       AddCudaCompileDeps:
         c:\Program Files (x86)\Microsoft Visual Studio 10.0\VC\bin\cl.exe /E /nologo /showIncludes /TP /I"C:\Program Files\NVIDIA GPU Computing Toolkit\CUDA\v5.5\include" /I"C:/ProgramData/NVIDIA Corporation/CUDA Samples/v5.5/common/inc" /I../shared/glew/includes /I../shared/freeglut/includes /I"C:\Program Files\NVIDIA GPU Computing Toolkit\CUDA\v4.0\bin" /I"C:\Program Files\NVIDIA GPU Computing Toolkit\CUDA\v4.0\include" /I. /FIcuda_runtime.h /c S:\GitHub\PathTraceKit\src\raytraceKernel.cu 
       AddCudaCompilePropsDeps:
         Found "CudaToolkitCustomDir".
         Found "AdditionalDeps".
         Found "CompileOut".
         Found "Include".
         Found "Keep".
         Found "KeepDir".
         Found "NvccCompilation".
         Found "NvccPath".
         Found "RequiredIncludes".
         Found "TargetMachinePlatform".
         Found "CInterleavedPTX".
         Found "CodeGeneration".
         Found "GPUDebugInfo".
         Found "MaxRegCount".
         Found "PtxAsOptionV".
         Found "Defines".
         Found "Emulation".
         Found "HostDebugInfo".
         Found "FastMath".
         Found "Optimization".
         Found "Runtime".
         Found "RuntimeChecks".
         Found "TypeInfo".
         Found "Warning".
         Found "AdditionalOptions".
         Found "CommandLineTemplate".
       CudaBuild:
         Compiling CUDA source file ..\..\src\raytraceKernel.cu...
         Creating directory "S:\GitHub\PathTraceKit\PROJ1_WIN\565Pathtracer\Win32\Release (v5.5)".
         cmd.exe /C "C:\Users\dbanks\AppData\Local\Temp\f34964e7b86f4bbdabcc0867bc1e9466.cmd"
         "C:\Program Files\NVIDIA GPU Computing Toolkit\CUDA\v4.0\bin\nvcc.exe" -gencode=arch=compute_10,code=\"sm_10,compute_10\" --use-local-env --cl-version 2010 -ccbin "c:\Program Files (x86)\Microsoft Visual Studio 10.0\VC\bin" -I"C:\Program Files\NVIDIA GPU Computing Toolkit\CUDA\v5.5\include" -I"C:/ProgramData/NVIDIA Corporation/CUDA Samples/v5.5/common/inc" -I"../shared/glew/includes" -I"../shared/freeglut/includes" -I"C:\Program Files\NVIDIA GPU Computing Toolkit\CUDA\v4.0\include"    --keep-dir "Release (v5.5)" -maxrregcount=0  --machine 32 --compile      -Xcompiler "/EHsc /nologo /Od /Zi  /MD " -o "S:\GitHub\PathTraceKit\PROJ1_WIN\565Pathtracer\Win32/Release (v5.5)/raytraceKernel.cu.obj" "S:\GitHub\PathTraceKit\src\raytraceKernel.cu"
         
         C:\user>"C:\Program Files\NVIDIA GPU Computing Toolkit\CUDA\v4.0\bin\nvcc.exe" -gencode=arch=compute_10,code=\"sm_10,compute_10\" --use-local-env --cl-version 2010 -ccbin "c:\Program Files (x86)\Microsoft Visual Studio 10.0\VC\bin" -I"C:\Program Files\NVIDIA GPU Computing Toolkit\CUDA\v5.5\include" -I"C:/ProgramData/NVIDIA Corporation/CUDA Samples/v5.5/common/inc" -I"../shared/glew/includes" -I"../shared/freeglut/includes" -I"C:\Program Files\NVIDIA GPU Computing Toolkit\CUDA\v4.0\include"    --keep-dir "Release (v5.5)" -maxrregcount=0  --machine 32 --compile      -Xcompiler "/EHsc /nologo /Od /Zi  /MD " -o "S:\GitHub\PathTraceKit\PROJ1_WIN\565Pathtracer\Win32/Release (v5.5)/raytraceKernel.cu.obj" "S:\GitHub\PathTraceKit\src\raytraceKernel.cu" 
         raytraceKernel.cu
     1>s:\github\pathtracekit\src\raytraceKernel.h(20): fatal error C1083: Cannot open include file: 'cutil_math.h': No such file or directory
     1>S:\GitHub\PathTraceKit\PROJ1_WIN\Build\CUDA 4.0.targets(357,9): error MSB3721: The command ""C:\Program Files\NVIDIA GPU Computing Toolkit\CUDA\v4.0\bin\nvcc.exe" -gencode=arch=compute_10,code=\"sm_10,compute_10\" --use-local-env --cl-version 2010 -ccbin "c:\Program Files (x86)\Microsoft Visual Studio 10.0\VC\bin" -I"C:\Program Files\NVIDIA GPU Computing Toolkit\CUDA\v5.5\include" -I"C:/ProgramData/NVIDIA Corporation/CUDA Samples/v5.5/common/inc" -I"../shared/glew/includes" -I"../shared/freeglut/includes" -I"C:\Program Files\NVIDIA GPU Computing Toolkit\CUDA\v4.0\include"    --keep-dir "Release (v5.5)" -maxrregcount=0  --machine 32 --compile      -Xcompiler "/EHsc /nologo /Od /Zi  /MD " -o "S:\GitHub\PathTraceKit\PROJ1_WIN\565Pathtracer\Win32/Release (v5.5)/raytraceKernel.cu.obj" "S:\GitHub\PathTraceKit\src\raytraceKernel.cu"" exited with code 2.
     1>Done Building Project "S:\GitHub\PathTraceKit\PROJ1_WIN\565Pathtracer\565Pathtracer.vcxproj" (build target(s)) -- FAILED.

Build FAILED.

Time Elapsed 00:00:06.37
