Build started 10/7/2013 2:21:57 PM.
     1>Project "S:\GitHub\PathTraceKit\PROJ1_WIN\565Pathtracer\565Pathtracer.vcxproj" on node 2 (build target(s)).
     1>PrepareForBuild:
         Creating directory "S:\GitHub\PathTraceKit\PROJ1_WIN\Debug\".
       InitializeBuildStatus:
         Creating "Debug\565Pathtracer.unsuccessfulbuild" because "AlwaysCreate" was specified.
       AddCudaCompileDeps:
         c:\Program Files (x86)\Microsoft Visual Studio 10.0\VC\bin\cl.exe /E /nologo /showIncludes /TP /I"C:\Program Files\NVIDIA GPU Computing Toolkit\CUDA\v4.0\include" /I"C:/ProgramData/NVIDIA Corporation/NVIDIA GPU Computing SDK 4.0/C/common/inc" /I../shared/glew/includes /I../shared/freeglut/includes /I"C:\Program Files\NVIDIA GPU Computing Toolkit\CUDA\v4.0\bin" /I"C:\Program Files\NVIDIA GPU Computing Toolkit\CUDA\v4.0\include" /I. /FIcuda_runtime.h /c S:\GitHub\PathTraceKit\src\raytraceKernel.cu 
       AddCudaCompilePropsDeps:
         Found "CudaToolkitCustomDir".
         Found "AdditionalDeps".
         Found "CompileOut".
         Found "Include".
         Found "Keep".
         Found "KeepDir".
         Found "NvccCompilation".
         Found "NvccPath".
         Found "RequiredIncludes".
         Found "TargetMachinePlatform".
         Found "CInterleavedPTX".
         Found "CodeGeneration".
         Found "GPUDebugInfo".
         Found "MaxRegCount".
         Found "PtxAsOptionV".
         Found "Defines".
         Found "Emulation".
         Found "HostDebugInfo".
         Found "FastMath".
         Found "Optimization".
         Found "Runtime".
         Found "RuntimeChecks".
         Found "TypeInfo".
         Found "Warning".
         Found "AdditionalOptions".
         Found "CommandLineTemplate".
       CudaBuild:
         Compiling CUDA source file ..\..\src\raytraceKernel.cu...
         Creating directory "S:\GitHub\PathTraceKit\PROJ1_WIN\565Pathtracer\Win32\Debug".
         cmd.exe /C "C:\Users\dbanks\AppData\Local\Temp\fddef5e7f50640779a86f3bf46751cb5.cmd"
         "C:\Program Files\NVIDIA GPU Computing Toolkit\CUDA\v4.0\bin\nvcc.exe" -gencode=arch=compute_10,code=\"sm_10,compute_10\" --use-local-env --cl-version 2010 -ccbin "c:\Program Files (x86)\Microsoft Visual Studio 10.0\VC\bin" -I"C:\Program Files\NVIDIA GPU Computing Toolkit\CUDA\v4.0\include" -I"C:/ProgramData/NVIDIA Corporation/NVIDIA GPU Computing SDK 4.0/C/common/inc" -I"../shared/glew/includes" -I"../shared/freeglut/includes" -I"C:\Program Files\NVIDIA GPU Computing Toolkit\CUDA\v4.0\include"  -G0  --keep-dir "Debug" -maxrregcount=0  --machine 32 --compile  -D_NEXUS_DEBUG -g    -Xcompiler "/EHsc /nologo /Od /Zi  /MDd " -o "S:\GitHub\PathTraceKit\PROJ1_WIN\565Pathtracer\Win32/Debug/raytraceKernel.cu.obj" "S:\GitHub\PathTraceKit\src\raytraceKernel.cu"
         
         C:\user>"C:\Program Files\NVIDIA GPU Computing Toolkit\CUDA\v4.0\bin\nvcc.exe" -gencode=arch=compute_10,code=\"sm_10,compute_10\" --use-local-env --cl-version 2010 -ccbin "c:\Program Files (x86)\Microsoft Visual Studio 10.0\VC\bin" -I"C:\Program Files\NVIDIA GPU Computing Toolkit\CUDA\v4.0\include" -I"C:/ProgramData/NVIDIA Corporation/NVIDIA GPU Computing SDK 4.0/C/common/inc" -I"../shared/glew/includes" -I"../shared/freeglut/includes" -I"C:\Program Files\NVIDIA GPU Computing Toolkit\CUDA\v4.0\include"  -G0  --keep-dir "Debug" -maxrregcount=0  --machine 32 --compile  -D_NEXUS_DEBUG -g    -Xcompiler "/EHsc /nologo /Od /Zi  /MDd " -o "S:\GitHub\PathTraceKit\PROJ1_WIN\565Pathtracer\Win32/Debug/raytraceKernel.cu.obj" "S:\GitHub\PathTraceKit\src\raytraceKernel.cu" 
         raytraceKernel.cu
         tmpxft_00001df8_00000000-0_raytraceKernel.cudafe1.gpu
         tmpxft_00001df8_00000000-5_raytraceKernel.cudafe2.gpu
         raytraceKernel.cu
     1>s:\github\pathtracekit\src\glm\core\_swizzle.hpp(194): warning : missing return statement at end of non-void function "glm::detail::_swizzle_base2<ValueType, VecType, N, E0, E1, E2, E3, 1>::operator=(const glm::detail::_swizzle_base2<ValueType, VecType, N, E0, E1, E2, E3, 1>::Stub &)"
         
     1>ptxas C : /Users/dbanks/AppData/Local/Temp/tmpxft_00001df8_00000000-1_raytraceKernel.ptx, line 259; warning : Double is not supported. Demoting to float
         tmpxft_00001df8_00000000-0_raytraceKernel.cudafe1.cpp
         tmpxft_00001df8_00000000-11_raytraceKernel.ii
       ClCompile:
         c:\Program Files (x86)\Microsoft Visual Studio 10.0\VC\bin\CL.exe /c /I"C:\Program Files\NVIDIA GPU Computing Toolkit\CUDA\v4.0\include" /I"C:\ProgramData\NVIDIA Corporation\NVIDIA GPU Computing SDK 4.0\C\common\inc" /I../shared/glew/include /I../shared/freeglut/include /I"C:\Program Files\NVIDIA GPU Computing Toolkit\CUDA\v4.0\include" /ZI /nologo /W3 /WX- /Od /Oy- /D WIN32 /D _DEBUG /D _CONSOLE /D _UNICODE /D UNICODE /Gm /EHsc /RTC1 /MDd /GS /fp:precise /Zc:wchar_t /Zc:forScope /Fo"Debug\\" /Fd"Debug\vc100.pdb" /Gd /TP /analyze- /errorReport:prompt ..\..\src\glslUtility.cpp ..\..\src\image.cpp ..\..\src\main.cpp ..\..\src\scene.cpp ..\..\src\utilities.cpp
         utilities.cpp
         scene.cpp
     1>s:\github\pathtracekit\src\scene.cpp(150): warning C4244: '=' : conversion from 'double' to 'float', possible loss of data
     1>s:\github\pathtracekit\src\scene.cpp(204): warning C4244: 'initializing' : conversion from 'double' to 'float', possible loss of data
     1>s:\github\pathtracekit\src\scene.cpp(206): warning C4244: 'initializing' : conversion from 'double' to 'float', possible loss of data
     1>s:\github\pathtracekit\src\scene.cpp(240): warning C4244: '=' : conversion from 'double' to 'float', possible loss of data
     1>s:\github\pathtracekit\src\scene.cpp(245): warning C4244: '=' : conversion from 'double' to 'float', possible loss of data
     1>s:\github\pathtracekit\src\scene.cpp(247): warning C4244: '=' : conversion from 'double' to 'float', possible loss of data
     1>s:\github\pathtracekit\src\scene.cpp(249): warning C4244: '=' : conversion from 'double' to 'float', possible loss of data
     1>s:\github\pathtracekit\src\scene.cpp(251): warning C4244: '=' : conversion from 'double' to 'float', possible loss of data
     1>s:\github\pathtracekit\src\scene.cpp(256): warning C4244: '=' : conversion from 'double' to 'float', possible loss of data
     1>s:\github\pathtracekit\src\scene.cpp(258): warning C4244: '=' : conversion from 'double' to 'float', possible loss of data
         main.cpp
         Note: including lib: glut32.lib
         
     1>s:\github\pathtracekit\src\main.cpp(108): warning C4018: '<' : signed/unsigned mismatch
     1>s:\github\pathtracekit\src\main.cpp(117): warning C4018: '<' : signed/unsigned mismatch
     1>s:\github\pathtracekit\src\main.cpp(120): warning C4018: '<' : signed/unsigned mismatch
         image.cpp
         glslUtility.cpp
         Generating Code...
         c:\Program Files (x86)\Microsoft Visual Studio 10.0\VC\bin\CL.exe /c /I"C:\Program Files\NVIDIA GPU Computing Toolkit\CUDA\v4.0\include" /I"C:\ProgramData\NVIDIA Corporation\NVIDIA GPU Computing SDK 4.0\C\common\inc" /I../shared/glew/include /I../shared/freeglut/include /I"C:\Program Files\NVIDIA GPU Computing Toolkit\CUDA\v4.0\include" /ZI /nologo /W3 /WX- /Od /Oy- /D WIN32 /D _DEBUG /D _CONSOLE /D _UNICODE /D UNICODE /Gm /EHsc /RTC1 /MDd /GS /fp:precise /Zc:wchar_t /Zc:forScope /Fo"Debug\\" /Fd"Debug\vc100.pdb" /Gd /TC /analyze- /errorReport:prompt ..\..\src\stb_image\stb_image.c ..\..\src\stb_image\stb_image_write.c
         stb_image_write.c
         stb_image.c
         Generating Code...
       ManifestResourceCompile:
         C:\Program Files (x86)\Microsoft SDKs\Windows\v7.0A\bin\rc.exe /nologo /fo"Debug\565Pathtracer.exe.embed.manifest.res" Debug\565Pathtracer_manifest.rc 
       Link:
         c:\Program Files (x86)\Microsoft Visual Studio 10.0\VC\bin\link.exe /ERRORREPORT:PROMPT /OUT:"S:\GitHub\PathTraceKit\PROJ1_WIN\Debug\565Pathtracer.exe" /INCREMENTAL /NOLOGO /LIBPATH:../shared/glew/lib /LIBPATH:../shared/freeglut/lib /LIBPATH:"C:\Program Files\NVIDIA GPU Computing Toolkit\CUDA\v4.0\lib\Win32" cudart.lib glew32.lib glu32.lib opengl32.lib kernel32.lib user32.lib gdi32.lib winspool.lib comdlg32.lib advapi32.lib shell32.lib ole32.lib oleaut32.lib uuid.lib odbc32.lib odbccp32.lib kernel32.lib user32.lib gdi32.lib winspool.lib comdlg32.lib advapi32.lib shell32.lib ole32.lib oleaut32.lib uuid.lib odbc32.lib odbccp32.lib /MANIFEST /ManifestFile:"Debug\565Pathtracer.exe.intermediate.manifest" /MANIFESTUAC:"level='asInvoker' uiAccess='false'" /DEBUG /PDB:"S:\GitHub\PathTraceKit\PROJ1_WIN\Debug\565Pathtracer.pdb" /SUBSYSTEM:CONSOLE /TLBID:1 /ENTRY:"mainCRTStartup" /DYNAMICBASE /NXCOMPAT /IMPLIB:"S:\GitHub\PathTraceKit\PROJ1_WIN\Debug\565Pathtracer.lib" /MACHINE:X86 S:\GitHub\PathTraceKit\PROJ1_WIN\565Pathtracer\Win32/Debug/raytraceKernel.cu.obj
         Debug\565Pathtracer.exe.embed.manifest.res
         Debug\glslUtility.obj
         Debug\image.obj
         Debug\main.obj
         Debug\scene.obj
         Debug\stb_image.obj
         Debug\stb_image_write.obj
         Debug\utilities.obj
       Manifest:
         C:\Program Files (x86)\Microsoft SDKs\Windows\v7.0A\bin\mt.exe /nologo /verbose /out:"Debug\565Pathtracer.exe.embed.manifest" /manifest Debug\565Pathtracer.exe.intermediate.manifest
         C:\Program Files (x86)\Microsoft SDKs\Windows\v7.0A\bin\rc.exe /nologo /fo"Debug\565Pathtracer.exe.embed.manifest.res" Debug\565Pathtracer_manifest.rc 
       LinkEmbedManifest:
         c:\Program Files (x86)\Microsoft Visual Studio 10.0\VC\bin\link.exe /ERRORREPORT:PROMPT /OUT:"S:\GitHub\PathTraceKit\PROJ1_WIN\Debug\565Pathtracer.exe" /INCREMENTAL /NOLOGO /LIBPATH:../shared/glew/lib /LIBPATH:../shared/freeglut/lib /LIBPATH:"C:\Program Files\NVIDIA GPU Computing Toolkit\CUDA\v4.0\lib\Win32" cudart.lib glew32.lib glu32.lib opengl32.lib kernel32.lib user32.lib gdi32.lib winspool.lib comdlg32.lib advapi32.lib shell32.lib ole32.lib oleaut32.lib uuid.lib odbc32.lib odbccp32.lib kernel32.lib user32.lib gdi32.lib winspool.lib comdlg32.lib advapi32.lib shell32.lib ole32.lib oleaut32.lib uuid.lib odbc32.lib odbccp32.lib /MANIFEST /ManifestFile:"Debug\565Pathtracer.exe.intermediate.manifest" /MANIFESTUAC:"level='asInvoker' uiAccess='false'" /DEBUG /PDB:"S:\GitHub\PathTraceKit\PROJ1_WIN\Debug\565Pathtracer.pdb" /SUBSYSTEM:CONSOLE /TLBID:1 /ENTRY:"mainCRTStartup" /DYNAMICBASE /NXCOMPAT /IMPLIB:"S:\GitHub\PathTraceKit\PROJ1_WIN\Debug\565Pathtracer.lib" /MACHINE:X86 S:\GitHub\PathTraceKit\PROJ1_WIN\565Pathtracer\Win32/Debug/raytraceKernel.cu.obj
         Debug\565Pathtracer.exe.embed.manifest.res
         Debug\glslUtility.obj
         Debug\image.obj
         Debug\main.obj
         Debug\scene.obj
         Debug\stb_image.obj
         Debug\stb_image_write.obj
         Debug\utilities.obj
         565Pathtracer.vcxproj -> S:\GitHub\PathTraceKit\PROJ1_WIN\Debug\565Pathtracer.exe
       FinalizeBuildStatus:
         Deleting file "Debug\565Pathtracer.unsuccessfulbuild".
         Touching "Debug\565Pathtracer.lastbuildstate".
     1>Done Building Project "S:\GitHub\PathTraceKit\PROJ1_WIN\565Pathtracer\565Pathtracer.vcxproj" (build target(s)).

Build succeeded.

Time Elapsed 00:00:33.11
